<?xml version="1.0" encoding="UTF-8"?>
<coverage generated="1578917138224" clover="3.2.0">
  <project timestamp="1578917138224" name="All files">
    <metrics statements="335" coveredstatements="282" conditionals="125" coveredconditionals="89" methods="61" coveredmethods="51" elements="521" coveredelements="422" complexity="0" loc="335" ncloc="335" packages="1" files="4" classes="4"/>
    <file name="cards.js" path="C:\Projects\moonlands\src\cards.js">
      <metrics statements="27" coveredstatements="24" conditionals="3" coveredconditionals="1" methods="15" coveredmethods="12"/>
      <line num="1" count="2" type="stmt"/>
      <line num="63" count="2" type="stmt"/>
      <line num="67" count="40" type="stmt"/>
      <line num="68" count="40" type="stmt"/>
      <line num="69" count="40" type="stmt"/>
      <line num="70" count="40" type="stmt"/>
      <line num="71" count="40" type="stmt"/>
      <line num="75" count="0" type="stmt"/>
      <line num="79" count="0" type="stmt"/>
      <line num="85" count="64" type="stmt"/>
      <line num="86" count="64" type="stmt"/>
      <line num="87" count="64" type="stmt"/>
      <line num="91" count="64" type="stmt"/>
      <line num="92" count="64" type="stmt"/>
      <line num="96" count="53" type="stmt"/>
      <line num="100" count="54" type="stmt"/>
      <line num="101" count="54" type="stmt"/>
      <line num="105" count="18" type="stmt"/>
      <line num="109" count="14" type="stmt"/>
      <line num="113" count="14" type="stmt"/>
      <line num="117" count="0" type="stmt"/>
      <line num="121" count="6" type="stmt"/>
      <line num="127" count="46" type="stmt"/>
      <line num="132" count="2" type="stmt"/>
      <line num="137" count="4" type="stmt"/>
      <line num="455" count="369" type="stmt"/>
      <line num="457" count="2" type="stmt"/>
    </file>
    <file name="const.js" path="C:\Projects\moonlands\src\const.js">
      <metrics statements="67" coveredstatements="67" conditionals="0" coveredconditionals="0" methods="0" coveredmethods="0"/>
      <line num="1" count="2" type="stmt"/>
      <line num="2" count="2" type="stmt"/>
      <line num="3" count="2" type="stmt"/>
      <line num="4" count="2" type="stmt"/>
      <line num="5" count="2" type="stmt"/>
      <line num="6" count="2" type="stmt"/>
      <line num="7" count="2" type="stmt"/>
      <line num="8" count="2" type="stmt"/>
      <line num="9" count="2" type="stmt"/>
      <line num="11" count="2" type="stmt"/>
      <line num="12" count="2" type="stmt"/>
      <line num="13" count="2" type="stmt"/>
      <line num="14" count="2" type="stmt"/>
      <line num="16" count="2" type="stmt"/>
      <line num="17" count="2" type="stmt"/>
      <line num="18" count="2" type="stmt"/>
      <line num="19" count="2" type="stmt"/>
      <line num="20" count="2" type="stmt"/>
      <line num="21" count="2" type="stmt"/>
      <line num="23" count="2" type="stmt"/>
      <line num="24" count="2" type="stmt"/>
      <line num="25" count="2" type="stmt"/>
      <line num="26" count="2" type="stmt"/>
      <line num="27" count="2" type="stmt"/>
      <line num="28" count="2" type="stmt"/>
      <line num="30" count="2" type="stmt"/>
      <line num="31" count="2" type="stmt"/>
      <line num="32" count="2" type="stmt"/>
      <line num="33" count="2" type="stmt"/>
      <line num="34" count="2" type="stmt"/>
      <line num="35" count="2" type="stmt"/>
      <line num="36" count="2" type="stmt"/>
      <line num="37" count="2" type="stmt"/>
      <line num="38" count="2" type="stmt"/>
      <line num="39" count="2" type="stmt"/>
      <line num="40" count="2" type="stmt"/>
      <line num="42" count="2" type="stmt"/>
      <line num="43" count="2" type="stmt"/>
      <line num="44" count="2" type="stmt"/>
      <line num="45" count="2" type="stmt"/>
      <line num="46" count="2" type="stmt"/>
      <line num="47" count="2" type="stmt"/>
      <line num="48" count="2" type="stmt"/>
      <line num="49" count="2" type="stmt"/>
      <line num="50" count="2" type="stmt"/>
      <line num="51" count="2" type="stmt"/>
      <line num="52" count="2" type="stmt"/>
      <line num="53" count="2" type="stmt"/>
      <line num="54" count="2" type="stmt"/>
      <line num="55" count="2" type="stmt"/>
      <line num="56" count="2" type="stmt"/>
      <line num="58" count="2" type="stmt"/>
      <line num="59" count="2" type="stmt"/>
      <line num="60" count="2" type="stmt"/>
      <line num="61" count="2" type="stmt"/>
      <line num="62" count="2" type="stmt"/>
      <line num="63" count="2" type="stmt"/>
      <line num="64" count="2" type="stmt"/>
      <line num="65" count="2" type="stmt"/>
      <line num="66" count="2" type="stmt"/>
      <line num="68" count="2" type="stmt"/>
      <line num="70" count="2" type="stmt"/>
      <line num="71" count="2" type="stmt"/>
      <line num="72" count="2" type="stmt"/>
      <line num="73" count="2" type="stmt"/>
      <line num="75" count="2" type="stmt"/>
      <line num="77" count="2" type="stmt"/>
    </file>
    <file name="index.js" path="C:\Projects\moonlands\src\index.js">
      <metrics statements="218" coveredstatements="169" conditionals="118" coveredconditionals="85" methods="33" coveredmethods="27"/>
      <line num="57" count="2" type="stmt"/>
      <line num="64" count="2" type="stmt"/>
      <line num="66" count="2" type="stmt"/>
      <line num="68" count="2" type="stmt"/>
      <line num="69" count="2" type="stmt"/>
      <line num="70" count="2" type="stmt"/>
      <line num="71" count="2" type="stmt"/>
      <line num="73" count="2" type="stmt"/>
      <line num="100" count="2" type="stmt"/>
      <line num="111" count="2" type="stmt"/>
      <line num="112" count="26" type="cond" truecount="2" falsecount="0"/>
      <line num="113" count="3" type="cond" truecount="1" falsecount="1"/>
      <line num="114" count="3" type="stmt"/>
      <line num="117" count="23" type="stmt"/>
      <line num="124" count="41" type="stmt"/>
      <line num="132" count="397" type="cond" truecount="3" falsecount="0"/>
      <line num="136" count="10" type="stmt"/>
      <line num="140" count="1" type="stmt"/>
      <line num="144" count="8" type="stmt"/>
      <line num="148" count="107" type="stmt"/>
      <line num="152" count="148" type="stmt"/>
      <line num="156" count="214" type="stmt"/>
      <line num="160" count="17" type="stmt"/>
      <line num="164" count="54" type="cond" truecount="2" falsecount="0"/>
      <line num="168" count="121" type="cond" truecount="2" falsecount="0"/>
      <line num="172" count="40" type="stmt"/>
      <line num="173" count="40" type="stmt"/>
      <line num="174" count="40" type="cond" truecount="1" falsecount="1"/>
      <line num="176" count="81" type="stmt"/>
      <line num="181" count="8" type="cond" truecount="1" falsecount="5"/>
      <line num="183" count="8" type="stmt"/>
      <line num="184" count="0" type="stmt"/>
      <line num="186" count="0" type="stmt"/>
      <line num="187" count="0" type="stmt"/>
      <line num="189" count="0" type="stmt"/>
      <line num="190" count="0" type="stmt"/>
      <line num="192" count="0" type="stmt"/>
      <line num="193" count="0" type="stmt"/>
      <line num="195" count="0" type="stmt"/>
      <line num="196" count="0" type="stmt"/>
      <line num="198" count="0" type="stmt"/>
      <line num="199" count="0" type="stmt"/>
      <line num="204" count="5" type="cond" truecount="1" falsecount="2"/>
      <line num="206" count="0" type="stmt"/>
      <line num="208" count="5" type="stmt"/>
      <line num="210" count="0" type="stmt"/>
      <line num="216" count="5" type="stmt"/>
      <line num="217" count="6" type="cond" truecount="2" falsecount="0"/>
      <line num="219" count="5" type="stmt"/>
      <line num="223" count="5" type="stmt"/>
      <line num="225" count="5" type="stmt"/>
      <line num="227" count="5" type="stmt"/>
      <line num="228" count="5" type="stmt"/>
      <line num="229" count="5" type="cond" truecount="2" falsecount="0"/>
      <line num="230" count="4" type="stmt"/>
      <line num="234" count="5" type="stmt"/>
      <line num="238" count="66" type="stmt"/>
      <line num="239" count="66" type="stmt"/>
      <line num="240" count="148" type="stmt"/>
      <line num="242" count="148" type="cond" truecount="8" falsecount="1"/>
      <line num="244" count="0" type="stmt"/>
      <line num="245" count="0" type="stmt"/>
      <line num="247" count="0" type="stmt"/>
      <line num="249" count="0" type="stmt"/>
      <line num="250" count="0" type="stmt"/>
      <line num="254" count="0" type="stmt"/>
      <line num="256" count="10" type="stmt"/>
      <line num="257" count="10" type="stmt"/>
      <line num="258" count="10" type="stmt"/>
      <line num="260" count="10" type="cond" truecount="4" falsecount="2"/>
      <line num="262" count="4" type="stmt"/>
      <line num="263" count="4" type="stmt"/>
      <line num="265" count="2" type="stmt"/>
      <line num="266" count="2" type="stmt"/>
      <line num="268" count="2" type="stmt"/>
      <line num="269" count="2" type="stmt"/>
      <line num="271" count="2" type="stmt"/>
      <line num="272" count="2" type="stmt"/>
      <line num="274" count="0" type="stmt"/>
      <line num="275" count="0" type="stmt"/>
      <line num="277" count="0" type="stmt"/>
      <line num="278" count="0" type="stmt"/>
      <line num="281" count="10" type="stmt"/>
      <line num="285" count="10" type="stmt"/>
      <line num="287" count="14" type="cond" truecount="1" falsecount="1"/>
      <line num="288" count="14" type="stmt"/>
      <line num="289" count="14" type="stmt"/>
      <line num="291" count="35" type="stmt"/>
      <line num="293" count="14" type="stmt"/>
      <line num="298" count="14" type="stmt"/>
      <line num="300" count="14" type="cond" truecount="2" falsecount="0"/>
      <line num="301" count="4" type="stmt"/>
      <line num="322" count="10" type="cond" truecount="2" falsecount="0"/>
      <line num="323" count="5" type="stmt"/>
      <line num="331" count="14" type="stmt"/>
      <line num="332" count="14" type="stmt"/>
      <line num="334" count="14" type="stmt"/>
      <line num="336" count="19" type="stmt"/>
      <line num="337" count="19" type="stmt"/>
      <line num="344" count="19" type="stmt"/>
      <line num="346" count="18" type="cond" truecount="2" falsecount="0"/>
      <line num="347" count="18" type="cond" truecount="3" falsecount="0"/>
      <line num="349" count="6" type="cond" truecount="2" falsecount="0"/>
      <line num="350" count="6" type="stmt"/>
      <line num="352" count="10" type="cond" truecount="2" falsecount="0"/>
      <line num="353" count="10" type="stmt"/>
      <line num="355" count="2" type="cond" truecount="2" falsecount="0"/>
      <line num="356" count="2" type="stmt"/>
      <line num="358" count="18" type="cond" truecount="1" falsecount="1"/>
      <line num="359" count="18" type="stmt"/>
      <line num="370" count="18" type="stmt"/>
      <line num="372" count="3" type="cond" truecount="2" falsecount="0"/>
      <line num="374" count="3" type="cond" truecount="1" falsecount="5"/>
      <line num="376" count="3" type="stmt"/>
      <line num="378" count="3" type="stmt"/>
      <line num="382" count="3" type="stmt"/>
      <line num="384" count="0" type="stmt"/>
      <line num="386" count="0" type="stmt"/>
      <line num="390" count="0" type="stmt"/>
      <line num="392" count="0" type="stmt"/>
      <line num="394" count="0" type="stmt"/>
      <line num="398" count="0" type="stmt"/>
      <line num="400" count="0" type="stmt"/>
      <line num="402" count="0" type="stmt"/>
      <line num="406" count="0" type="stmt"/>
      <line num="408" count="0" type="stmt"/>
      <line num="410" count="0" type="stmt"/>
      <line num="414" count="0" type="stmt"/>
      <line num="417" count="0" type="stmt"/>
      <line num="419" count="0" type="stmt"/>
      <line num="423" count="0" type="stmt"/>
      <line num="426" count="3" type="stmt"/>
      <line num="428" count="16" type="stmt"/>
      <line num="429" count="16" type="cond" truecount="2" falsecount="0"/>
      <line num="430" count="16" type="stmt"/>
      <line num="435" count="16" type="stmt"/>
      <line num="437" count="2" type="stmt"/>
      <line num="438" count="2" type="stmt"/>
      <line num="439" count="2" type="stmt"/>
      <line num="440" count="2" type="cond" truecount="1" falsecount="1"/>
      <line num="442" count="2" type="stmt"/>
      <line num="444" count="2" type="stmt"/>
      <line num="445" count="2" type="stmt"/>
      <line num="446" count="2" type="cond" truecount="1" falsecount="1"/>
      <line num="452" count="2" type="stmt"/>
      <line num="453" count="2" type="cond" truecount="2" falsecount="0"/>
      <line num="454" count="2" type="stmt"/>
      <line num="487" count="0" type="stmt"/>
      <line num="490" count="0" type="stmt"/>
      <line num="492" count="2" type="stmt"/>
      <line num="494" count="66" type="cond" truecount="14" falsecount="1"/>
      <line num="496" count="2" type="cond" truecount="2" falsecount="0"/>
      <line num="497" count="2" type="cond" truecount="1" falsecount="1"/>
      <line num="498" count="0" type="stmt"/>
      <line num="500" count="2" type="stmt"/>
      <line num="501" count="2" type="stmt"/>
      <line num="503" count="2" type="stmt"/>
      <line num="504" count="2" type="stmt"/>
      <line num="505" count="2" type="stmt"/>
      <line num="511" count="2" type="stmt"/>
      <line num="513" count="2" type="stmt"/>
      <line num="514" count="2" type="stmt"/>
      <line num="516" count="3" type="stmt"/>
      <line num="517" count="3" type="stmt"/>
      <line num="518" count="3" type="cond" truecount="1" falsecount="1"/>
      <line num="519" count="3" type="stmt"/>
      <line num="521" count="3" type="stmt"/>
      <line num="522" count="3" type="stmt"/>
      <line num="523" count="3" type="stmt"/>
      <line num="525" count="2" type="stmt"/>
      <line num="527" count="2" type="stmt"/>
      <line num="528" count="2" type="stmt"/>
      <line num="535" count="2" type="stmt"/>
      <line num="537" count="1" type="stmt"/>
      <line num="538" count="1" type="stmt"/>
      <line num="539" count="1" type="stmt"/>
      <line num="541" count="1" type="stmt"/>
      <line num="542" count="1" type="stmt"/>
      <line num="543" count="1" type="stmt"/>
      <line num="545" count="0" type="stmt"/>
      <line num="547" count="0" type="stmt"/>
      <line num="548" count="0" type="cond" truecount="0" falsecount="2"/>
      <line num="550" count="0" type="stmt"/>
      <line num="557" count="0" type="stmt"/>
      <line num="559" count="0" type="stmt"/>
      <line num="566" count="0" type="stmt"/>
      <line num="569" count="0" type="stmt"/>
      <line num="571" count="1" type="stmt"/>
      <line num="573" count="1" type="stmt"/>
      <line num="575" count="1" type="stmt"/>
      <line num="577" count="14" type="stmt"/>
      <line num="579" count="14" type="stmt"/>
      <line num="581" count="14" type="stmt"/>
      <line num="583" count="4" type="stmt"/>
      <line num="584" count="4" type="stmt"/>
      <line num="585" count="4" type="cond" truecount="2" falsecount="0"/>
      <line num="586" count="3" type="stmt"/>
      <line num="595" count="4" type="stmt"/>
      <line num="597" count="9" type="stmt"/>
      <line num="598" count="9" type="stmt"/>
      <line num="600" count="9" type="cond" truecount="1" falsecount="1"/>
      <line num="601" count="9" type="stmt"/>
      <line num="610" count="9" type="stmt"/>
      <line num="612" count="13" type="stmt"/>
      <line num="613" count="13" type="stmt"/>
      <line num="614" count="13" type="stmt"/>
      <line num="616" count="5" type="stmt"/>
      <line num="618" count="5" type="stmt"/>
      <line num="619" count="5" type="stmt"/>
      <line num="621" count="6" type="stmt"/>
      <line num="622" count="6" type="stmt"/>
      <line num="623" count="6" type="stmt"/>
      <line num="624" count="6" type="stmt"/>
      <line num="625" count="6" type="stmt"/>
      <line num="626" count="6" type="stmt"/>
      <line num="628" count="6" type="stmt"/>
      <line num="630" count="66" type="stmt"/>
      <line num="636" count="2" type="stmt"/>
    </file>
    <file name="zone.js" path="C:\Projects\moonlands\src\zone.js">
      <metrics statements="23" coveredstatements="22" conditionals="4" coveredconditionals="3" methods="13" coveredmethods="12"/>
      <line num="1" count="2" type="stmt"/>
      <line num="2" count="2" type="stmt"/>
      <line num="3" count="2" type="stmt"/>
      <line num="4" count="2" type="stmt"/>
      <line num="5" count="2" type="stmt"/>
      <line num="6" count="2" type="stmt"/>
      <line num="7" count="2" type="stmt"/>
      <line num="11" count="126" type="stmt"/>
      <line num="12" count="126" type="stmt"/>
      <line num="13" count="126" type="stmt"/>
      <line num="14" count="126" type="stmt"/>
      <line num="16" count="126" type="stmt"/>
      <line num="22" count="22" type="cond" truecount="1" falsecount="1"/>
      <line num="26" count="0" type="stmt"/>
      <line num="30" count="102" type="stmt"/>
      <line num="34" count="397" type="stmt"/>
      <line num="38" count="34" type="stmt"/>
      <line num="42" count="53" type="stmt"/>
      <line num="44" count="53" type="stmt"/>
      <line num="48" count="11" type="stmt"/>
      <line num="52" count="2" type="stmt"/>
      <line num="56" count="10" type="stmt"/>
      <line num="60" count="2" type="stmt"/>
    </file>
  </project>
</coverage>
