{"C:\\Projects\\moonlands\\src\\cards.js": {"path":"C:\\Projects\\moonlands\\src\\cards.js","statementMap":{"0":{"start":{"line":1,"column":15},"end":{"line":1,"column":32}},"1":{"start":{"line":63,"column":4},"end":{"line":63,"column":22}},"2":{"start":{"line":67,"column":8},"end":{"line":67,"column":25}},"3":{"start":{"line":68,"column":8},"end":{"line":68,"column":25}},"4":{"start":{"line":69,"column":8},"end":{"line":69,"column":29}},"5":{"start":{"line":70,"column":8},"end":{"line":70,"column":25}},"6":{"start":{"line":71,"column":8},"end":{"line":71,"column":25}},"7":{"start":{"line":75,"column":8},"end":{"line":75,"column":25}},"8":{"start":{"line":79,"column":8},"end":{"line":79,"column":25}},"9":{"start":{"line":85,"column":8},"end":{"line":85,"column":26}},"10":{"start":{"line":86,"column":8},"end":{"line":86,"column":27}},"11":{"start":{"line":87,"column":8},"end":{"line":90,"column":10}},"12":{"start":{"line":91,"column":8},"end":{"line":91,"column":27}},"13":{"start":{"line":92,"column":8},"end":{"line":92,"column":30}},"14":{"start":{"line":96,"column":8},"end":{"line":96,"column":26}},"15":{"start":{"line":100,"column":8},"end":{"line":100,"column":53}},"16":{"start":{"line":101,"column":8},"end":{"line":101,"column":20}},"17":{"start":{"line":105,"column":8},"end":{"line":105,"column":53}},"18":{"start":{"line":109,"column":8},"end":{"line":109,"column":53}},"19":{"start":{"line":113,"column":8},"end":{"line":113,"column":42}},"20":{"start":{"line":117,"column":8},"end":{"line":117,"column":30}},"21":{"start":{"line":121,"column":14},"end":{"line":125,"column":2}},"22":{"start":{"line":121,"column":34},"end":{"line":125,"column":1}},"23":{"start":{"line":127,"column":15},"end":{"line":130,"column":2}},"24":{"start":{"line":127,"column":26},"end":{"line":130,"column":1}},"25":{"start":{"line":132,"column":14},"end":{"line":453,"column":1}},"26":{"start":{"line":137,"column":27},"end":{"line":137,"column":32}},"27":{"start":{"line":455,"column":15},"end":{"line":455,"column":61}},"28":{"start":{"line":455,"column":23},"end":{"line":455,"column":61}},"29":{"start":{"line":455,"column":42},"end":{"line":455,"column":60}},"30":{"start":{"line":457,"column":0},"end":{"line":462,"column":1}}},"fnMap":{"0":{"name":"(anonymous_0)","decl":{"start":{"line":66,"column":4},"end":{"line":66,"column":5}},"loc":{"start":{"line":66,"column":53},"end":{"line":72,"column":5}},"line":66},"1":{"name":"(anonymous_1)","decl":{"start":{"line":74,"column":4},"end":{"line":74,"column":5}},"loc":{"start":{"line":74,"column":14},"end":{"line":76,"column":5}},"line":74},"2":{"name":"(anonymous_2)","decl":{"start":{"line":78,"column":4},"end":{"line":78,"column":5}},"loc":{"start":{"line":78,"column":14},"end":{"line":80,"column":5}},"line":78},"3":{"name":"(anonymous_3)","decl":{"start":{"line":84,"column":4},"end":{"line":84,"column":5}},"loc":{"start":{"line":84,"column":29},"end":{"line":93,"column":5}},"line":84},"4":{"name":"(anonymous_4)","decl":{"start":{"line":95,"column":4},"end":{"line":95,"column":5}},"loc":{"start":{"line":95,"column":15},"end":{"line":97,"column":5}},"line":95},"5":{"name":"(anonymous_5)","decl":{"start":{"line":99,"column":4},"end":{"line":99,"column":5}},"loc":{"start":{"line":99,"column":26},"end":{"line":102,"column":5}},"line":99},"6":{"name":"(anonymous_6)","decl":{"start":{"line":104,"column":4},"end":{"line":104,"column":5}},"loc":{"start":{"line":104,"column":29},"end":{"line":106,"column":5}},"line":104},"7":{"name":"(anonymous_7)","decl":{"start":{"line":108,"column":4},"end":{"line":108,"column":5}},"loc":{"start":{"line":108,"column":30},"end":{"line":110,"column":5}},"line":108},"8":{"name":"(anonymous_8)","decl":{"start":{"line":112,"column":4},"end":{"line":112,"column":5}},"loc":{"start":{"line":112,"column":30},"end":{"line":114,"column":5}},"line":112},"9":{"name":"(anonymous_9)","decl":{"start":{"line":116,"column":4},"end":{"line":116,"column":5}},"loc":{"start":{"line":116,"column":23},"end":{"line":118,"column":5}},"line":116},"10":{"name":"(anonymous_10)","decl":{"start":{"line":121,"column":14},"end":{"line":121,"column":15}},"loc":{"start":{"line":121,"column":34},"end":{"line":125,"column":1}},"line":121},"11":{"name":"(anonymous_11)","decl":{"start":{"line":127,"column":15},"end":{"line":127,"column":16}},"loc":{"start":{"line":127,"column":26},"end":{"line":130,"column":1}},"line":127},"12":{"name":"(anonymous_12)","decl":{"start":{"line":137,"column":22},"end":{"line":137,"column":23}},"loc":{"start":{"line":137,"column":27},"end":{"line":137,"column":32}},"line":137},"13":{"name":"(anonymous_13)","decl":{"start":{"line":455,"column":15},"end":{"line":455,"column":16}},"loc":{"start":{"line":455,"column":23},"end":{"line":455,"column":61}},"line":455},"14":{"name":"(anonymous_14)","decl":{"start":{"line":455,"column":34},"end":{"line":455,"column":35}},"loc":{"start":{"line":455,"column":42},"end":{"line":455,"column":60}},"line":455}},"branchMap":{"0":{"loc":{"start":{"line":66,"column":42},"end":{"line":66,"column":51}},"type":"default-arg","locations":[{"start":{"line":66,"column":49},"end":{"line":66,"column":51}}],"line":66},"1":{"loc":{"start":{"line":99,"column":14},"end":{"line":99,"column":24}},"type":"default-arg","locations":[{"start":{"line":99,"column":23},"end":{"line":99,"column":24}}],"line":99},"2":{"loc":{"start":{"line":104,"column":17},"end":{"line":104,"column":27}},"type":"default-arg","locations":[{"start":{"line":104,"column":26},"end":{"line":104,"column":27}}],"line":104}},"s":{"0":2,"1":2,"2":40,"3":40,"4":40,"5":40,"6":40,"7":0,"8":0,"9":64,"10":64,"11":64,"12":64,"13":64,"14":53,"15":54,"16":54,"17":18,"18":14,"19":14,"20":0,"21":2,"22":6,"23":2,"24":46,"25":2,"26":4,"27":2,"28":56,"29":369,"30":2},"f":{"0":40,"1":0,"2":0,"3":64,"4":53,"5":54,"6":18,"7":14,"8":14,"9":0,"10":6,"11":46,"12":4,"13":56,"14":369},"b":{"0":[6],"1":[0],"2":[0]},"_coverageSchema":"43e27e138ebf9cfc5966b082cf9a028302ed4184","hash":"9fe834d639a2d864bc80fc80618b38401de891e5"}
,"C:\\Projects\\moonlands\\src\\const.js": {"path":"C:\\Projects\\moonlands\\src\\const.js","statementMap":{"0":{"start":{"line":1,"column":20},"end":{"line":1,"column":34}},"1":{"start":{"line":2,"column":20},"end":{"line":2,"column":34}},"2":{"start":{"line":3,"column":21},"end":{"line":3,"column":36}},"3":{"start":{"line":4,"column":22},"end":{"line":4,"column":38}},"4":{"start":{"line":5,"column":22},"end":{"line":5,"column":38}},"5":{"start":{"line":6,"column":25},"end":{"line":6,"column":44}},"6":{"start":{"line":7,"column":28},"end":{"line":7,"column":50}},"7":{"start":{"line":8,"column":30},"end":{"line":8,"column":54}},"8":{"start":{"line":9,"column":34},"end":{"line":9,"column":62}},"9":{"start":{"line":11,"column":30},"end":{"line":11,"column":55}},"10":{"start":{"line":12,"column":24},"end":{"line":12,"column":43}},"11":{"start":{"line":13,"column":22},"end":{"line":13,"column":39}},"12":{"start":{"line":14,"column":26},"end":{"line":14,"column":47}},"13":{"start":{"line":16,"column":26},"end":{"line":16,"column":46}},"14":{"start":{"line":17,"column":28},"end":{"line":17,"column":50}},"15":{"start":{"line":18,"column":37},"end":{"line":18,"column":68}},"16":{"start":{"line":19,"column":41},"end":{"line":19,"column":76}},"17":{"start":{"line":20,"column":31},"end":{"line":20,"column":56}},"18":{"start":{"line":21,"column":33},"end":{"line":21,"column":60}},"19":{"start":{"line":23,"column":24},"end":{"line":23,"column":42}},"20":{"start":{"line":24,"column":27},"end":{"line":24,"column":48}},"21":{"start":{"line":25,"column":24},"end":{"line":25,"column":42}},"22":{"start":{"line":26,"column":29},"end":{"line":26,"column":52}},"23":{"start":{"line":27,"column":37},"end":{"line":27,"column":68}},"24":{"start":{"line":28,"column":35},"end":{"line":28,"column":64}},"25":{"start":{"line":30,"column":24},"end":{"line":30,"column":42}},"26":{"start":{"line":31,"column":20},"end":{"line":31,"column":34}},"27":{"start":{"line":32,"column":22},"end":{"line":32,"column":38}},"28":{"start":{"line":33,"column":22},"end":{"line":33,"column":38}},"29":{"start":{"line":34,"column":26},"end":{"line":34,"column":46}},"30":{"start":{"line":35,"column":21},"end":{"line":35,"column":36}},"31":{"start":{"line":36,"column":28},"end":{"line":36,"column":50}},"32":{"start":{"line":37,"column":23},"end":{"line":37,"column":40}},"33":{"start":{"line":38,"column":24},"end":{"line":38,"column":42}},"34":{"start":{"line":39,"column":22},"end":{"line":39,"column":38}},"35":{"start":{"line":40,"column":25},"end":{"line":40,"column":44}},"36":{"start":{"line":42,"column":29},"end":{"line":42,"column":47}},"37":{"start":{"line":43,"column":32},"end":{"line":43,"column":53}},"38":{"start":{"line":44,"column":34},"end":{"line":44,"column":57}},"39":{"start":{"line":45,"column":41},"end":{"line":45,"column":71}},"40":{"start":{"line":46,"column":47},"end":{"line":46,"column":83}},"41":{"start":{"line":47,"column":48},"end":{"line":47,"column":85}},"42":{"start":{"line":48,"column":43},"end":{"line":48,"column":75}},"43":{"start":{"line":49,"column":39},"end":{"line":49,"column":67}},"44":{"start":{"line":50,"column":29},"end":{"line":50,"column":47}},"45":{"start":{"line":51,"column":49},"end":{"line":51,"column":87}},"46":{"start":{"line":52,"column":45},"end":{"line":52,"column":79}},"47":{"start":{"line":53,"column":47},"end":{"line":53,"column":83}},"48":{"start":{"line":54,"column":57},"end":{"line":54,"column":103}},"49":{"start":{"line":55,"column":56},"end":{"line":55,"column":101}},"50":{"start":{"line":56,"column":44},"end":{"line":56,"column":77}},"51":{"start":{"line":58,"column":44},"end":{"line":58,"column":69}},"52":{"start":{"line":59,"column":36},"end":{"line":59,"column":53}},"53":{"start":{"line":60,"column":45},"end":{"line":60,"column":71}},"54":{"start":{"line":61,"column":40},"end":{"line":61,"column":68}},"55":{"start":{"line":62,"column":49},"end":{"line":62,"column":86}},"56":{"start":{"line":63,"column":32},"end":{"line":63,"column":45}},"57":{"start":{"line":64,"column":26},"end":{"line":64,"column":40}},"58":{"start":{"line":65,"column":37},"end":{"line":65,"column":62}},"59":{"start":{"line":66,"column":27},"end":{"line":66,"column":42}},"60":{"start":{"line":68,"column":46},"end":{"line":68,"column":86}},"61":{"start":{"line":70,"column":22},"end":{"line":70,"column":38}},"62":{"start":{"line":71,"column":18},"end":{"line":71,"column":30}},"63":{"start":{"line":72,"column":19},"end":{"line":72,"column":32}},"64":{"start":{"line":73,"column":19},"end":{"line":73,"column":32}},"65":{"start":{"line":75,"column":15},"end":{"line":75,"column":18}},"66":{"start":{"line":77,"column":0},"end":{"line":149,"column":2}}},"fnMap":{},"branchMap":{},"s":{"0":2,"1":2,"2":2,"3":2,"4":2,"5":2,"6":2,"7":2,"8":2,"9":2,"10":2,"11":2,"12":2,"13":2,"14":2,"15":2,"16":2,"17":2,"18":2,"19":2,"20":2,"21":2,"22":2,"23":2,"24":2,"25":2,"26":2,"27":2,"28":2,"29":2,"30":2,"31":2,"32":2,"33":2,"34":2,"35":2,"36":2,"37":2,"38":2,"39":2,"40":2,"41":2,"42":2,"43":2,"44":2,"45":2,"46":2,"47":2,"48":2,"49":2,"50":2,"51":2,"52":2,"53":2,"54":2,"55":2,"56":2,"57":2,"58":2,"59":2,"60":2,"61":2,"62":2,"63":2,"64":2,"65":2,"66":2},"f":{},"b":{},"_coverageSchema":"43e27e138ebf9cfc5966b082cf9a028302ed4184","hash":"8713a775a299cbdaa7450604fb3cddeee0dbe051"}
,"C:\\Projects\\moonlands\\src\\index.js": {"path":"C:\\Projects\\moonlands\\src\\index.js","statementMap":{"0":{"start":{"line":57,"column":4},"end":{"line":57,"column":22}},"1":{"start":{"line":64,"column":4},"end":{"line":64,"column":21}},"2":{"start":{"line":66,"column":21},"end":{"line":66,"column":39}},"3":{"start":{"line":68,"column":20},"end":{"line":68,"column":21}},"4":{"start":{"line":69,"column":21},"end":{"line":69,"column":22}},"5":{"start":{"line":70,"column":24},"end":{"line":70,"column":25}},"6":{"start":{"line":71,"column":27},"end":{"line":71,"column":28}},"7":{"start":{"line":73,"column":14},"end":{"line":98,"column":1}},"8":{"start":{"line":100,"column":21},"end":{"line":109,"column":1}},"9":{"start":{"line":111,"column":21},"end":{"line":119,"column":1}},"10":{"start":{"line":112,"column":4},"end":{"line":118,"column":5}},"11":{"start":{"line":113,"column":8},"end":{"line":115,"column":9}},"12":{"start":{"line":114,"column":12},"end":{"line":114,"column":56}},"13":{"start":{"line":114,"column":38},"end":{"line":114,"column":54}},"14":{"start":{"line":117,"column":8},"end":{"line":117,"column":26}},"15":{"start":{"line":124,"column":8},"end":{"line":128,"column":10}},"16":{"start":{"line":132,"column":8},"end":{"line":132,"column":110}},"17":{"start":{"line":132,"column":45},"end":{"line":132,"column":108}},"18":{"start":{"line":136,"column":8},"end":{"line":136,"column":31}},"19":{"start":{"line":140,"column":8},"end":{"line":140,"column":39}},"20":{"start":{"line":144,"column":8},"end":{"line":144,"column":47}},"21":{"start":{"line":148,"column":8},"end":{"line":148,"column":46}},"22":{"start":{"line":152,"column":8},"end":{"line":152,"column":42}},"23":{"start":{"line":156,"column":8},"end":{"line":156,"column":45}},"24":{"start":{"line":160,"column":8},"end":{"line":160,"column":53}},"25":{"start":{"line":164,"column":8},"end":{"line":164,"column":90}},"26":{"start":{"line":168,"column":8},"end":{"line":177,"column":9}},"27":{"start":{"line":172,"column":33},"end":{"line":172,"column":47}},"28":{"start":{"line":173,"column":34},"end":{"line":173,"column":64}},"29":{"start":{"line":174,"column":12},"end":{"line":174,"column":84}},"30":{"start":{"line":176,"column":12},"end":{"line":176,"column":25}},"31":{"start":{"line":181,"column":8},"end":{"line":200,"column":9}},"32":{"start":{"line":183,"column":16},"end":{"line":183,"column":73}},"33":{"start":{"line":184,"column":16},"end":{"line":184,"column":22}},"34":{"start":{"line":186,"column":16},"end":{"line":186,"column":77}},"35":{"start":{"line":187,"column":16},"end":{"line":187,"column":22}},"36":{"start":{"line":189,"column":16},"end":{"line":189,"column":108}},"37":{"start":{"line":189,"column":76},"end":{"line":189,"column":106}},"38":{"start":{"line":190,"column":16},"end":{"line":190,"column":22}},"39":{"start":{"line":192,"column":16},"end":{"line":192,"column":108}},"40":{"start":{"line":192,"column":76},"end":{"line":192,"column":106}},"41":{"start":{"line":193,"column":16},"end":{"line":193,"column":22}},"42":{"start":{"line":195,"column":16},"end":{"line":195,"column":106}},"43":{"start":{"line":195,"column":76},"end":{"line":195,"column":104}},"44":{"start":{"line":196,"column":16},"end":{"line":196,"column":22}},"45":{"start":{"line":198,"column":16},"end":{"line":198,"column":106}},"46":{"start":{"line":198,"column":76},"end":{"line":198,"column":104}},"47":{"start":{"line":199,"column":16},"end":{"line":199,"column":22}},"48":{"start":{"line":204,"column":8},"end":{"line":211,"column":9}},"49":{"start":{"line":206,"column":16},"end":{"line":206,"column":40}},"50":{"start":{"line":208,"column":16},"end":{"line":208,"column":49}},"51":{"start":{"line":210,"column":16},"end":{"line":210,"column":42}},"52":{"start":{"line":216,"column":30},"end":{"line":222,"column":9}},"53":{"start":{"line":217,"column":33},"end":{"line":220,"column":19}},"54":{"start":{"line":219,"column":69},"end":{"line":219,"column":91}},"55":{"start":{"line":219,"column":103},"end":{"line":219,"column":145}},"56":{"start":{"line":223,"column":32},"end":{"line":223,"column":50}},"57":{"start":{"line":225,"column":27},"end":{"line":225,"column":63}},"58":{"start":{"line":227,"column":8},"end":{"line":232,"column":11}},"59":{"start":{"line":228,"column":29},"end":{"line":228,"column":124}},"60":{"start":{"line":229,"column":12},"end":{"line":231,"column":13}},"61":{"start":{"line":230,"column":16},"end":{"line":230,"column":68}},"62":{"start":{"line":234,"column":8},"end":{"line":234,"column":28}},"63":{"start":{"line":238,"column":8},"end":{"line":238,"column":39}},"64":{"start":{"line":239,"column":8},"end":{"line":632,"column":9}},"65":{"start":{"line":240,"column":27},"end":{"line":240,"column":47}},"66":{"start":{"line":242,"column":12},"end":{"line":631,"column":13}},"67":{"start":{"line":244,"column":35},"end":{"line":244,"column":87}},"68":{"start":{"line":245,"column":37},"end":{"line":245,"column":91}},"69":{"start":{"line":247,"column":36},"end":{"line":247,"column":77}},"70":{"start":{"line":249,"column":43},"end":{"line":249,"column":89}},"71":{"start":{"line":250,"column":20},"end":{"line":253,"column":22}},"72":{"start":{"line":254,"column":20},"end":{"line":254,"column":26}},"73":{"start":{"line":256,"column":39},"end":{"line":256,"column":80}},"74":{"start":{"line":257,"column":39},"end":{"line":257,"column":95}},"75":{"start":{"line":258,"column":39},"end":{"line":258,"column":95}},"76":{"start":{"line":260,"column":20},"end":{"line":279,"column":21}},"77":{"start":{"line":262,"column":28},"end":{"line":262,"column":48}},"78":{"start":{"line":263,"column":28},"end":{"line":263,"column":34}},"79":{"start":{"line":265,"column":28},"end":{"line":265,"column":52}},"80":{"start":{"line":266,"column":28},"end":{"line":266,"column":34}},"81":{"start":{"line":268,"column":28},"end":{"line":268,"column":61}},"82":{"start":{"line":269,"column":28},"end":{"line":269,"column":34}},"83":{"start":{"line":271,"column":28},"end":{"line":271,"column":61}},"84":{"start":{"line":272,"column":28},"end":{"line":272,"column":34}},"85":{"start":{"line":274,"column":28},"end":{"line":274,"column":64}},"86":{"start":{"line":275,"column":28},"end":{"line":275,"column":34}},"87":{"start":{"line":277,"column":28},"end":{"line":277,"column":63}},"88":{"start":{"line":278,"column":28},"end":{"line":278,"column":34}},"89":{"start":{"line":281,"column":20},"end":{"line":284,"column":21}},"90":{"start":{"line":285,"column":20},"end":{"line":285,"column":26}},"91":{"start":{"line":287,"column":20},"end":{"line":333,"column":21}},"92":{"start":{"line":288,"column":39},"end":{"line":288,"column":52}},"93":{"start":{"line":289,"column":40},"end":{"line":289,"column":60}},"94":{"start":{"line":291,"column":48},"end":{"line":291,"column":131}},"95":{"start":{"line":291,"column":71},"end":{"line":291,"column":129}},"96":{"start":{"line":293,"column":51},"end":{"line":296,"column":25}},"97":{"start":{"line":298,"column":24},"end":{"line":298,"column":64}},"98":{"start":{"line":300,"column":24},"end":{"line":330,"column":25}},"99":{"start":{"line":301,"column":28},"end":{"line":321,"column":30}},"100":{"start":{"line":322,"column":31},"end":{"line":330,"column":25}},"101":{"start":{"line":323,"column":28},"end":{"line":329,"column":31}},"102":{"start":{"line":331,"column":24},"end":{"line":331,"column":60}},"103":{"start":{"line":332,"column":24},"end":{"line":332,"column":79}},"104":{"start":{"line":334,"column":20},"end":{"line":334,"column":26}},"105":{"start":{"line":336,"column":41},"end":{"line":336,"column":59}},"106":{"start":{"line":337,"column":20},"end":{"line":343,"column":22}},"107":{"start":{"line":344,"column":20},"end":{"line":344,"column":26}},"108":{"start":{"line":346,"column":48},"end":{"line":346,"column":98}},"109":{"start":{"line":347,"column":20},"end":{"line":357,"column":21}},"110":{"start":{"line":349,"column":28},"end":{"line":349,"column":95}},"111":{"start":{"line":350,"column":28},"end":{"line":350,"column":34}},"112":{"start":{"line":352,"column":28},"end":{"line":352,"column":95}},"113":{"start":{"line":353,"column":28},"end":{"line":353,"column":34}},"114":{"start":{"line":355,"column":28},"end":{"line":355,"column":99}},"115":{"start":{"line":356,"column":28},"end":{"line":356,"column":34}},"116":{"start":{"line":358,"column":36},"end":{"line":358,"column":65}},"117":{"start":{"line":359,"column":20},"end":{"line":369,"column":22}},"118":{"start":{"line":370,"column":20},"end":{"line":370,"column":26}},"119":{"start":{"line":372,"column":36},"end":{"line":372,"column":65}},"120":{"start":{"line":374,"column":20},"end":{"line":424,"column":21}},"121":{"start":{"line":376,"column":52},"end":{"line":376,"column":102}},"122":{"start":{"line":378,"column":28},"end":{"line":381,"column":51}},"123":{"start":{"line":382,"column":28},"end":{"line":382,"column":34}},"124":{"start":{"line":384,"column":57},"end":{"line":384,"column":112}},"125":{"start":{"line":386,"column":28},"end":{"line":389,"column":51}},"126":{"start":{"line":390,"column":28},"end":{"line":390,"column":34}},"127":{"start":{"line":392,"column":59},"end":{"line":392,"column":116}},"128":{"start":{"line":394,"column":28},"end":{"line":397,"column":51}},"129":{"start":{"line":398,"column":28},"end":{"line":398,"column":34}},"130":{"start":{"line":400,"column":54},"end":{"line":400,"column":106}},"131":{"start":{"line":402,"column":28},"end":{"line":405,"column":51}},"132":{"start":{"line":406,"column":28},"end":{"line":406,"column":34}},"133":{"start":{"line":408,"column":60},"end":{"line":408,"column":136}},"134":{"start":{"line":410,"column":28},"end":{"line":413,"column":51}},"135":{"start":{"line":414,"column":28},"end":{"line":414,"column":34}},"136":{"start":{"line":417,"column":32},"end":{"line":417,"column":119}},"137":{"start":{"line":417,"column":85},"end":{"line":417,"column":118}},"138":{"start":{"line":419,"column":28},"end":{"line":422,"column":51}},"139":{"start":{"line":423,"column":28},"end":{"line":423,"column":34}},"140":{"start":{"line":426,"column":20},"end":{"line":426,"column":26}},"141":{"start":{"line":428,"column":36},"end":{"line":428,"column":72}},"142":{"start":{"line":429,"column":39},"end":{"line":429,"column":109}},"143":{"start":{"line":430,"column":20},"end":{"line":434,"column":22}},"144":{"start":{"line":435,"column":20},"end":{"line":435,"column":26}},"145":{"start":{"line":437,"column":35},"end":{"line":437,"column":56}},"146":{"start":{"line":438,"column":39},"end":{"line":438,"column":75}},"147":{"start":{"line":439,"column":39},"end":{"line":439,"column":84}},"148":{"start":{"line":440,"column":20},"end":{"line":491,"column":21}},"149":{"start":{"line":442,"column":41},"end":{"line":442,"column":65}},"150":{"start":{"line":444,"column":48},"end":{"line":444,"column":73}},"151":{"start":{"line":445,"column":41},"end":{"line":445,"column":54}},"152":{"start":{"line":446,"column":24},"end":{"line":488,"column":25}},"153":{"start":{"line":452,"column":51},"end":{"line":452,"column":99}},"154":{"start":{"line":453,"column":54},"end":{"line":453,"column":105}},"155":{"start":{"line":454,"column":32},"end":{"line":485,"column":30}},"156":{"start":{"line":487,"column":28},"end":{"line":487,"column":121}},"157":{"start":{"line":490,"column":24},"end":{"line":490,"column":55}},"158":{"start":{"line":492,"column":20},"end":{"line":492,"column":26}},"159":{"start":{"line":494,"column":20},"end":{"line":629,"column":21}},"160":{"start":{"line":496,"column":43},"end":{"line":496,"column":95}},"161":{"start":{"line":497,"column":28},"end":{"line":499,"column":29}},"162":{"start":{"line":498,"column":32},"end":{"line":498,"column":82}},"163":{"start":{"line":500,"column":28},"end":{"line":500,"column":94}},"164":{"start":{"line":501,"column":28},"end":{"line":501,"column":34}},"165":{"start":{"line":503,"column":43},"end":{"line":503,"column":105}},"166":{"start":{"line":504,"column":41},"end":{"line":504,"column":64}},"167":{"start":{"line":505,"column":28},"end":{"line":510,"column":31}},"168":{"start":{"line":511,"column":28},"end":{"line":511,"column":34}},"169":{"start":{"line":513,"column":28},"end":{"line":513,"column":112}},"170":{"start":{"line":514,"column":28},"end":{"line":514,"column":34}},"171":{"start":{"line":516,"column":43},"end":{"line":516,"column":74}},"172":{"start":{"line":517,"column":45},"end":{"line":517,"column":87}},"173":{"start":{"line":518,"column":28},"end":{"line":520,"column":29}},"174":{"start":{"line":519,"column":32},"end":{"line":519,"column":82}},"175":{"start":{"line":521,"column":28},"end":{"line":521,"column":104}},"176":{"start":{"line":522,"column":28},"end":{"line":522,"column":51}},"177":{"start":{"line":523,"column":28},"end":{"line":523,"column":34}},"178":{"start":{"line":525,"column":28},"end":{"line":525,"column":34}},"179":{"start":{"line":527,"column":45},"end":{"line":527,"column":106}},"180":{"start":{"line":528,"column":28},"end":{"line":534,"column":31}},"181":{"start":{"line":535,"column":28},"end":{"line":535,"column":34}},"182":{"start":{"line":537,"column":47},"end":{"line":537,"column":99}},"183":{"start":{"line":538,"column":47},"end":{"line":538,"column":99}},"184":{"start":{"line":539,"column":49},"end":{"line":539,"column":101}},"185":{"start":{"line":541,"column":28},"end":{"line":541,"column":66}},"186":{"start":{"line":542,"column":28},"end":{"line":542,"column":63}},"187":{"start":{"line":543,"column":28},"end":{"line":543,"column":34}},"188":{"start":{"line":545,"column":55},"end":{"line":545,"column":107}},"189":{"start":{"line":547,"column":28},"end":{"line":568,"column":31}},"190":{"start":{"line":548,"column":32},"end":{"line":567,"column":33}},"191":{"start":{"line":550,"column":40},"end":{"line":556,"column":43}},"192":{"start":{"line":557,"column":40},"end":{"line":557,"column":46}},"193":{"start":{"line":559,"column":40},"end":{"line":565,"column":43}},"194":{"start":{"line":566,"column":40},"end":{"line":566,"column":46}},"195":{"start":{"line":569,"column":28},"end":{"line":569,"column":34}},"196":{"start":{"line":571,"column":28},"end":{"line":574,"column":30}},"197":{"start":{"line":573,"column":42},"end":{"line":573,"column":115}},"198":{"start":{"line":575,"column":28},"end":{"line":575,"column":34}},"199":{"start":{"line":577,"column":28},"end":{"line":580,"column":30}},"200":{"start":{"line":579,"column":42},"end":{"line":579,"column":115}},"201":{"start":{"line":581,"column":28},"end":{"line":581,"column":34}},"202":{"start":{"line":583,"column":50},"end":{"line":583,"column":102}},"203":{"start":{"line":584,"column":50},"end":{"line":584,"column":101}},"204":{"start":{"line":585,"column":28},"end":{"line":594,"column":29}},"205":{"start":{"line":586,"column":32},"end":{"line":593,"column":35}},"206":{"start":{"line":595,"column":28},"end":{"line":595,"column":34}},"207":{"start":{"line":597,"column":49},"end":{"line":597,"column":101}},"208":{"start":{"line":598,"column":49},"end":{"line":598,"column":101}},"209":{"start":{"line":600,"column":28},"end":{"line":609,"column":29}},"210":{"start":{"line":601,"column":32},"end":{"line":608,"column":35}},"211":{"start":{"line":610,"column":28},"end":{"line":610,"column":34}},"212":{"start":{"line":612,"column":46},"end":{"line":612,"column":98}},"213":{"start":{"line":613,"column":28},"end":{"line":613,"column":102}},"214":{"start":{"line":614,"column":28},"end":{"line":614,"column":34}},"215":{"start":{"line":616,"column":47},"end":{"line":616,"column":99}},"216":{"start":{"line":618,"column":28},"end":{"line":618,"column":135}},"217":{"start":{"line":618,"column":63},"end":{"line":618,"column":133}},"218":{"start":{"line":619,"column":28},"end":{"line":619,"column":34}},"219":{"start":{"line":621,"column":58},"end":{"line":621,"column":110}},"220":{"start":{"line":622,"column":48},"end":{"line":622,"column":94}},"221":{"start":{"line":623,"column":28},"end":{"line":627,"column":31}},"222":{"start":{"line":624,"column":54},"end":{"line":624,"column":99}},"223":{"start":{"line":625,"column":32},"end":{"line":625,"column":65}},"224":{"start":{"line":626,"column":32},"end":{"line":626,"column":88}},"225":{"start":{"line":628,"column":28},"end":{"line":628,"column":34}},"226":{"start":{"line":630,"column":20},"end":{"line":630,"column":26}},"227":{"start":{"line":636,"column":0},"end":{"line":663,"column":2}}},"fnMap":{"0":{"name":"(anonymous_0)","decl":{"start":{"line":111,"column":21},"end":{"line":111,"column":22}},"loc":{"start":{"line":111,"column":44},"end":{"line":119,"column":1}},"line":111},"1":{"name":"(anonymous_1)","decl":{"start":{"line":114,"column":28},"end":{"line":114,"column":29}},"loc":{"start":{"line":114,"column":38},"end":{"line":114,"column":54}},"line":114},"2":{"name":"(anonymous_2)","decl":{"start":{"line":123,"column":4},"end":{"line":123,"column":5}},"loc":{"start":{"line":123,"column":23},"end":{"line":129,"column":5}},"line":123},"3":{"name":"(anonymous_3)","decl":{"start":{"line":131,"column":4},"end":{"line":131,"column":5}},"loc":{"start":{"line":131,"column":33},"end":{"line":133,"column":5}},"line":131},"4":{"name":"(anonymous_4)","decl":{"start":{"line":132,"column":37},"end":{"line":132,"column":38}},"loc":{"start":{"line":132,"column":45},"end":{"line":132,"column":108}},"line":132},"5":{"name":"(anonymous_5)","decl":{"start":{"line":135,"column":4},"end":{"line":135,"column":5}},"loc":{"start":{"line":135,"column":21},"end":{"line":137,"column":5}},"line":135},"6":{"name":"(anonymous_6)","decl":{"start":{"line":139,"column":4},"end":{"line":139,"column":5}},"loc":{"start":{"line":139,"column":22},"end":{"line":141,"column":5}},"line":139},"7":{"name":"(anonymous_7)","decl":{"start":{"line":143,"column":4},"end":{"line":143,"column":5}},"loc":{"start":{"line":143,"column":25},"end":{"line":145,"column":5}},"line":143},"8":{"name":"(anonymous_8)","decl":{"start":{"line":147,"column":4},"end":{"line":147,"column":5}},"loc":{"start":{"line":147,"column":24},"end":{"line":149,"column":5}},"line":147},"9":{"name":"(anonymous_9)","decl":{"start":{"line":151,"column":4},"end":{"line":151,"column":5}},"loc":{"start":{"line":151,"column":20},"end":{"line":153,"column":5}},"line":151},"10":{"name":"(anonymous_10)","decl":{"start":{"line":155,"column":4},"end":{"line":155,"column":5}},"loc":{"start":{"line":155,"column":17},"end":{"line":157,"column":5}},"line":155},"11":{"name":"(anonymous_11)","decl":{"start":{"line":159,"column":4},"end":{"line":159,"column":5}},"loc":{"start":{"line":159,"column":40},"end":{"line":161,"column":5}},"line":159},"12":{"name":"(anonymous_12)","decl":{"start":{"line":163,"column":4},"end":{"line":163,"column":5}},"loc":{"start":{"line":163,"column":30},"end":{"line":165,"column":5}},"line":163},"13":{"name":"(anonymous_13)","decl":{"start":{"line":167,"column":4},"end":{"line":167,"column":5}},"loc":{"start":{"line":167,"column":33},"end":{"line":178,"column":5}},"line":167},"14":{"name":"(anonymous_14)","decl":{"start":{"line":180,"column":4},"end":{"line":180,"column":5}},"loc":{"start":{"line":180,"column":44},"end":{"line":201,"column":5}},"line":180},"15":{"name":"(anonymous_15)","decl":{"start":{"line":189,"column":68},"end":{"line":189,"column":69}},"loc":{"start":{"line":189,"column":76},"end":{"line":189,"column":106}},"line":189},"16":{"name":"(anonymous_16)","decl":{"start":{"line":192,"column":68},"end":{"line":192,"column":69}},"loc":{"start":{"line":192,"column":76},"end":{"line":192,"column":106}},"line":192},"17":{"name":"(anonymous_17)","decl":{"start":{"line":195,"column":68},"end":{"line":195,"column":69}},"loc":{"start":{"line":195,"column":76},"end":{"line":195,"column":104}},"line":195},"18":{"name":"(anonymous_18)","decl":{"start":{"line":198,"column":68},"end":{"line":198,"column":69}},"loc":{"start":{"line":198,"column":76},"end":{"line":198,"column":104}},"line":198},"19":{"name":"(anonymous_19)","decl":{"start":{"line":203,"column":4},"end":{"line":203,"column":5}},"loc":{"start":{"line":203,"column":36},"end":{"line":212,"column":5}},"line":203},"20":{"name":"(anonymous_20)","decl":{"start":{"line":214,"column":4},"end":{"line":214,"column":5}},"loc":{"start":{"line":214,"column":46},"end":{"line":235,"column":5}},"line":214},"21":{"name":"(anonymous_21)","decl":{"start":{"line":217,"column":12},"end":{"line":217,"column":13}},"loc":{"start":{"line":217,"column":33},"end":{"line":220,"column":19}},"line":217},"22":{"name":"(anonymous_22)","decl":{"start":{"line":219,"column":64},"end":{"line":219,"column":65}},"loc":{"start":{"line":219,"column":69},"end":{"line":219,"column":91}},"line":219},"23":{"name":"(anonymous_23)","decl":{"start":{"line":219,"column":97},"end":{"line":219,"column":98}},"loc":{"start":{"line":219,"column":103},"end":{"line":219,"column":145}},"line":219},"24":{"name":"(anonymous_24)","decl":{"start":{"line":227,"column":32},"end":{"line":227,"column":33}},"loc":{"start":{"line":227,"column":49},"end":{"line":232,"column":9}},"line":227},"25":{"name":"(anonymous_25)","decl":{"start":{"line":237,"column":4},"end":{"line":237,"column":5}},"loc":{"start":{"line":237,"column":26},"end":{"line":633,"column":5}},"line":237},"26":{"name":"(anonymous_26)","decl":{"start":{"line":291,"column":60},"end":{"line":291,"column":61}},"loc":{"start":{"line":291,"column":71},"end":{"line":291,"column":129}},"line":291},"27":{"name":"(anonymous_27)","decl":{"start":{"line":417,"column":77},"end":{"line":417,"column":78}},"loc":{"start":{"line":417,"column":85},"end":{"line":417,"column":118}},"line":417},"28":{"name":"(anonymous_28)","decl":{"start":{"line":547,"column":61},"end":{"line":547,"column":62}},"loc":{"start":{"line":547,"column":71},"end":{"line":568,"column":29}},"line":547},"29":{"name":"(anonymous_29)","decl":{"start":{"line":573,"column":32},"end":{"line":573,"column":33}},"loc":{"start":{"line":573,"column":42},"end":{"line":573,"column":115}},"line":573},"30":{"name":"(anonymous_30)","decl":{"start":{"line":579,"column":32},"end":{"line":579,"column":33}},"loc":{"start":{"line":579,"column":42},"end":{"line":579,"column":115}},"line":579},"31":{"name":"(anonymous_31)","decl":{"start":{"line":618,"column":53},"end":{"line":618,"column":54}},"loc":{"start":{"line":618,"column":63},"end":{"line":618,"column":133}},"line":618},"32":{"name":"(anonymous_32)","decl":{"start":{"line":623,"column":64},"end":{"line":623,"column":65}},"loc":{"start":{"line":623,"column":76},"end":{"line":627,"column":29}},"line":623}},"branchMap":{"0":{"loc":{"start":{"line":112,"column":4},"end":{"line":118,"column":5}},"type":"if","locations":[{"start":{"line":112,"column":4},"end":{"line":118,"column":5}},{"start":{"line":112,"column":4},"end":{"line":118,"column":5}}],"line":112},"1":{"loc":{"start":{"line":113,"column":8},"end":{"line":115,"column":9}},"type":"if","locations":[{"start":{"line":113,"column":8},"end":{"line":115,"column":9}},{"start":{"line":113,"column":8},"end":{"line":115,"column":9}}],"line":113},"2":{"loc":{"start":{"line":131,"column":18},"end":{"line":131,"column":31}},"type":"default-arg","locations":[{"start":{"line":131,"column":27},"end":{"line":131,"column":31}}],"line":131},"3":{"loc":{"start":{"line":132,"column":45},"end":{"line":132,"column":108}},"type":"binary-expr","locations":[{"start":{"line":132,"column":45},"end":{"line":132,"column":63}},{"start":{"line":132,"column":68},"end":{"line":132,"column":89}},{"start":{"line":132,"column":93},"end":{"line":132,"column":107}}],"line":132},"4":{"loc":{"start":{"line":164,"column":15},"end":{"line":164,"column":89}},"type":"cond-expr","locations":[{"start":{"line":164,"column":51},"end":{"line":164,"column":84}},{"start":{"line":164,"column":87},"end":{"line":164,"column":89}}],"line":164},"5":{"loc":{"start":{"line":168,"column":8},"end":{"line":177,"column":9}},"type":"if","locations":[{"start":{"line":168,"column":8},"end":{"line":177,"column":9}},{"start":{"line":168,"column":8},"end":{"line":177,"column":9}}],"line":168},"6":{"loc":{"start":{"line":169,"column":12},"end":{"line":170,"column":27}},"type":"binary-expr","locations":[{"start":{"line":169,"column":12},"end":{"line":169,"column":36}},{"start":{"line":170,"column":12},"end":{"line":170,"column":27}}],"line":169},"7":{"loc":{"start":{"line":174,"column":19},"end":{"line":174,"column":83}},"type":"cond-expr","locations":[{"start":{"line":174,"column":49},"end":{"line":174,"column":76}},{"start":{"line":174,"column":79},"end":{"line":174,"column":83}}],"line":174},"8":{"loc":{"start":{"line":181,"column":8},"end":{"line":200,"column":9}},"type":"switch","locations":[{"start":{"line":182,"column":12},"end":{"line":184,"column":22}},{"start":{"line":185,"column":12},"end":{"line":187,"column":22}},{"start":{"line":188,"column":12},"end":{"line":190,"column":22}},{"start":{"line":191,"column":12},"end":{"line":193,"column":22}},{"start":{"line":194,"column":12},"end":{"line":196,"column":22}},{"start":{"line":197,"column":12},"end":{"line":199,"column":22}}],"line":181},"9":{"loc":{"start":{"line":204,"column":8},"end":{"line":211,"column":9}},"type":"switch","locations":[{"start":{"line":205,"column":12},"end":{"line":206,"column":40}},{"start":{"line":207,"column":12},"end":{"line":208,"column":49}},{"start":{"line":209,"column":12},"end":{"line":210,"column":42}}],"line":204},"10":{"loc":{"start":{"line":217,"column":33},"end":{"line":220,"column":19}},"type":"cond-expr","locations":[{"start":{"line":217,"column":72},"end":{"line":220,"column":13}},{"start":{"line":220,"column":16},"end":{"line":220,"column":19}}],"line":217},"11":{"loc":{"start":{"line":229,"column":12},"end":{"line":231,"column":13}},"type":"if","locations":[{"start":{"line":229,"column":12},"end":{"line":231,"column":13}},{"start":{"line":229,"column":12},"end":{"line":231,"column":13}}],"line":229},"12":{"loc":{"start":{"line":242,"column":12},"end":{"line":631,"column":13}},"type":"switch","locations":[{"start":{"line":243,"column":16},"end":{"line":254,"column":26}},{"start":{"line":255,"column":16},"end":{"line":285,"column":26}},{"start":{"line":286,"column":16},"end":{"line":334,"column":26}},{"start":{"line":335,"column":16},"end":{"line":344,"column":26}},{"start":{"line":345,"column":16},"end":{"line":370,"column":26}},{"start":{"line":371,"column":16},"end":{"line":426,"column":26}},{"start":{"line":427,"column":16},"end":{"line":435,"column":26}},{"start":{"line":436,"column":16},"end":{"line":492,"column":26}},{"start":{"line":493,"column":16},"end":{"line":630,"column":26}}],"line":242},"13":{"loc":{"start":{"line":252,"column":25},"end":{"line":252,"column":52}},"type":"binary-expr","locations":[{"start":{"line":252,"column":25},"end":{"line":252,"column":40}},{"start":{"line":252,"column":44},"end":{"line":252,"column":52}}],"line":252},"14":{"loc":{"start":{"line":260,"column":20},"end":{"line":279,"column":21}},"type":"switch","locations":[{"start":{"line":261,"column":24},"end":{"line":263,"column":34}},{"start":{"line":264,"column":24},"end":{"line":266,"column":34}},{"start":{"line":267,"column":24},"end":{"line":269,"column":34}},{"start":{"line":270,"column":24},"end":{"line":272,"column":34}},{"start":{"line":273,"column":24},"end":{"line":275,"column":34}},{"start":{"line":276,"column":24},"end":{"line":278,"column":34}}],"line":260},"15":{"loc":{"start":{"line":283,"column":25},"end":{"line":283,"column":52}},"type":"binary-expr","locations":[{"start":{"line":283,"column":25},"end":{"line":283,"column":40}},{"start":{"line":283,"column":44},"end":{"line":283,"column":52}}],"line":283},"16":{"loc":{"start":{"line":287,"column":20},"end":{"line":333,"column":21}},"type":"if","locations":[{"start":{"line":287,"column":20},"end":{"line":333,"column":21}},{"start":{"line":287,"column":20},"end":{"line":333,"column":21}}],"line":287},"17":{"loc":{"start":{"line":300,"column":24},"end":{"line":330,"column":25}},"type":"if","locations":[{"start":{"line":300,"column":24},"end":{"line":330,"column":25}},{"start":{"line":300,"column":24},"end":{"line":330,"column":25}}],"line":300},"18":{"loc":{"start":{"line":322,"column":31},"end":{"line":330,"column":25}},"type":"if","locations":[{"start":{"line":322,"column":31},"end":{"line":330,"column":25}},{"start":{"line":322,"column":31},"end":{"line":330,"column":25}}],"line":322},"19":{"loc":{"start":{"line":346,"column":48},"end":{"line":346,"column":98}},"type":"binary-expr","locations":[{"start":{"line":346,"column":48},"end":{"line":346,"column":92}},{"start":{"line":346,"column":96},"end":{"line":346,"column":98}}],"line":346},"20":{"loc":{"start":{"line":347,"column":20},"end":{"line":357,"column":21}},"type":"switch","locations":[{"start":{"line":348,"column":24},"end":{"line":350,"column":34}},{"start":{"line":351,"column":24},"end":{"line":353,"column":34}},{"start":{"line":354,"column":24},"end":{"line":356,"column":34}}],"line":347},"21":{"loc":{"start":{"line":349,"column":50},"end":{"line":349,"column":77}},"type":"binary-expr","locations":[{"start":{"line":349,"column":50},"end":{"line":349,"column":65}},{"start":{"line":349,"column":69},"end":{"line":349,"column":77}}],"line":349},"22":{"loc":{"start":{"line":352,"column":50},"end":{"line":352,"column":77}},"type":"binary-expr","locations":[{"start":{"line":352,"column":50},"end":{"line":352,"column":65}},{"start":{"line":352,"column":69},"end":{"line":352,"column":77}}],"line":352},"23":{"loc":{"start":{"line":355,"column":50},"end":{"line":355,"column":81}},"type":"binary-expr","locations":[{"start":{"line":355,"column":50},"end":{"line":355,"column":65}},{"start":{"line":355,"column":69},"end":{"line":355,"column":81}}],"line":355},"24":{"loc":{"start":{"line":358,"column":36},"end":{"line":358,"column":65}},"type":"binary-expr","locations":[{"start":{"line":358,"column":36},"end":{"line":358,"column":59}},{"start":{"line":358,"column":63},"end":{"line":358,"column":65}}],"line":358},"25":{"loc":{"start":{"line":372,"column":36},"end":{"line":372,"column":65}},"type":"binary-expr","locations":[{"start":{"line":372,"column":36},"end":{"line":372,"column":51}},{"start":{"line":372,"column":55},"end":{"line":372,"column":65}}],"line":372},"26":{"loc":{"start":{"line":374,"column":20},"end":{"line":424,"column":21}},"type":"switch","locations":[{"start":{"line":375,"column":24},"end":{"line":382,"column":34}},{"start":{"line":383,"column":24},"end":{"line":390,"column":34}},{"start":{"line":391,"column":24},"end":{"line":398,"column":34}},{"start":{"line":399,"column":24},"end":{"line":406,"column":34}},{"start":{"line":407,"column":24},"end":{"line":414,"column":34}},{"start":{"line":415,"column":24},"end":{"line":423,"column":34}}],"line":374},"27":{"loc":{"start":{"line":429,"column":39},"end":{"line":429,"column":109}},"type":"cond-expr","locations":[{"start":{"line":429,"column":56},"end":{"line":429,"column":83}},{"start":{"line":429,"column":86},"end":{"line":429,"column":109}}],"line":429},"28":{"loc":{"start":{"line":440,"column":20},"end":{"line":491,"column":21}},"type":"if","locations":[{"start":{"line":440,"column":20},"end":{"line":491,"column":21}},{"start":{"line":440,"column":20},"end":{"line":491,"column":21}}],"line":440},"29":{"loc":{"start":{"line":446,"column":24},"end":{"line":488,"column":25}},"type":"if","locations":[{"start":{"line":446,"column":24},"end":{"line":488,"column":25}},{"start":{"line":446,"column":24},"end":{"line":488,"column":25}}],"line":446},"30":{"loc":{"start":{"line":447,"column":28},"end":{"line":449,"column":87}},"type":"binary-expr","locations":[{"start":{"line":447,"column":29},"end":{"line":447,"column":54}},{"start":{"line":447,"column":58},"end":{"line":447,"column":95}},{"start":{"line":448,"column":29},"end":{"line":448,"column":51}},{"start":{"line":448,"column":55},"end":{"line":448,"column":86}},{"start":{"line":449,"column":29},"end":{"line":449,"column":51}},{"start":{"line":449,"column":55},"end":{"line":449,"column":86}}],"line":447},"31":{"loc":{"start":{"line":453,"column":54},"end":{"line":453,"column":105}},"type":"cond-expr","locations":[{"start":{"line":453,"column":100},"end":{"line":453,"column":101}},{"start":{"line":453,"column":104},"end":{"line":453,"column":105}}],"line":453},"32":{"loc":{"start":{"line":494,"column":20},"end":{"line":629,"column":21}},"type":"switch","locations":[{"start":{"line":495,"column":24},"end":{"line":501,"column":34}},{"start":{"line":502,"column":24},"end":{"line":511,"column":34}},{"start":{"line":512,"column":24},"end":{"line":514,"column":34}},{"start":{"line":515,"column":24},"end":{"line":523,"column":34}},{"start":{"line":524,"column":24},"end":{"line":525,"column":34}},{"start":{"line":526,"column":24},"end":{"line":535,"column":34}},{"start":{"line":536,"column":24},"end":{"line":543,"column":34}},{"start":{"line":544,"column":24},"end":{"line":569,"column":34}},{"start":{"line":570,"column":24},"end":{"line":575,"column":34}},{"start":{"line":576,"column":24},"end":{"line":581,"column":34}},{"start":{"line":582,"column":24},"end":{"line":595,"column":34}},{"start":{"line":596,"column":24},"end":{"line":610,"column":34}},{"start":{"line":611,"column":24},"end":{"line":614,"column":34}},{"start":{"line":615,"column":24},"end":{"line":619,"column":34}},{"start":{"line":620,"column":24},"end":{"line":628,"column":34}}],"line":494},"33":{"loc":{"start":{"line":496,"column":43},"end":{"line":496,"column":95}},"type":"binary-expr","locations":[{"start":{"line":496,"column":43},"end":{"line":496,"column":56}},{"start":{"line":496,"column":61},"end":{"line":496,"column":94}}],"line":496},"34":{"loc":{"start":{"line":497,"column":28},"end":{"line":499,"column":29}},"type":"if","locations":[{"start":{"line":497,"column":28},"end":{"line":499,"column":29}},{"start":{"line":497,"column":28},"end":{"line":499,"column":29}}],"line":497},"35":{"loc":{"start":{"line":507,"column":44},"end":{"line":507,"column":137}},"type":"cond-expr","locations":[{"start":{"line":507,"column":70},"end":{"line":507,"column":104}},{"start":{"line":507,"column":107},"end":{"line":507,"column":137}}],"line":507},"36":{"loc":{"start":{"line":518,"column":28},"end":{"line":520,"column":29}},"type":"if","locations":[{"start":{"line":518,"column":28},"end":{"line":520,"column":29}},{"start":{"line":518,"column":28},"end":{"line":520,"column":29}}],"line":518},"37":{"loc":{"start":{"line":548,"column":32},"end":{"line":567,"column":33}},"type":"switch","locations":[{"start":{"line":549,"column":36},"end":{"line":557,"column":46}},{"start":{"line":558,"column":36},"end":{"line":566,"column":46}}],"line":548},"38":{"loc":{"start":{"line":585,"column":28},"end":{"line":594,"column":29}},"type":"if","locations":[{"start":{"line":585,"column":28},"end":{"line":594,"column":29}},{"start":{"line":585,"column":28},"end":{"line":594,"column":29}}],"line":585},"39":{"loc":{"start":{"line":600,"column":28},"end":{"line":609,"column":29}},"type":"if","locations":[{"start":{"line":600,"column":28},"end":{"line":609,"column":29}},{"start":{"line":600,"column":28},"end":{"line":609,"column":29}}],"line":600}},"s":{"0":2,"1":2,"2":2,"3":2,"4":2,"5":2,"6":2,"7":2,"8":2,"9":2,"10":26,"11":3,"12":3,"13":3,"14":23,"15":41,"16":100,"17":397,"18":10,"19":1,"20":8,"21":107,"22":148,"23":214,"24":17,"25":54,"26":121,"27":40,"28":40,"29":40,"30":81,"31":8,"32":8,"33":0,"34":0,"35":0,"36":0,"37":0,"38":0,"39":0,"40":0,"41":0,"42":0,"43":0,"44":0,"45":0,"46":0,"47":0,"48":5,"49":0,"50":5,"51":0,"52":5,"53":6,"54":5,"55":5,"56":5,"57":5,"58":5,"59":5,"60":5,"61":4,"62":5,"63":66,"64":66,"65":148,"66":148,"67":0,"68":0,"69":0,"70":0,"71":0,"72":0,"73":10,"74":10,"75":10,"76":10,"77":4,"78":4,"79":2,"80":2,"81":2,"82":2,"83":2,"84":2,"85":0,"86":0,"87":0,"88":0,"89":10,"90":10,"91":14,"92":14,"93":14,"94":14,"95":35,"96":14,"97":14,"98":14,"99":4,"100":10,"101":5,"102":14,"103":14,"104":14,"105":19,"106":19,"107":19,"108":18,"109":18,"110":6,"111":6,"112":10,"113":10,"114":2,"115":2,"116":18,"117":18,"118":18,"119":3,"120":3,"121":3,"122":3,"123":3,"124":0,"125":0,"126":0,"127":0,"128":0,"129":0,"130":0,"131":0,"132":0,"133":0,"134":0,"135":0,"136":0,"137":0,"138":0,"139":0,"140":3,"141":16,"142":16,"143":16,"144":16,"145":2,"146":2,"147":2,"148":2,"149":2,"150":2,"151":2,"152":2,"153":2,"154":2,"155":2,"156":0,"157":0,"158":2,"159":66,"160":2,"161":2,"162":0,"163":2,"164":2,"165":2,"166":2,"167":2,"168":2,"169":2,"170":2,"171":3,"172":3,"173":3,"174":3,"175":3,"176":3,"177":3,"178":2,"179":2,"180":2,"181":2,"182":1,"183":1,"184":1,"185":1,"186":1,"187":1,"188":0,"189":0,"190":0,"191":0,"192":0,"193":0,"194":0,"195":0,"196":1,"197":1,"198":1,"199":14,"200":14,"201":14,"202":4,"203":4,"204":4,"205":3,"206":4,"207":9,"208":9,"209":9,"210":9,"211":9,"212":13,"213":13,"214":13,"215":5,"216":5,"217":5,"218":5,"219":6,"220":6,"221":6,"222":6,"223":6,"224":6,"225":6,"226":66,"227":2},"f":{"0":26,"1":3,"2":41,"3":100,"4":397,"5":10,"6":1,"7":8,"8":107,"9":148,"10":214,"11":17,"12":54,"13":121,"14":8,"15":0,"16":0,"17":0,"18":0,"19":5,"20":5,"21":6,"22":5,"23":5,"24":5,"25":66,"26":35,"27":0,"28":0,"29":1,"30":14,"31":5,"32":6},"b":{"0":[3,23],"1":[3,0],"2":[56],"3":[397,102,4],"4":[51,3],"5":[40,81],"6":[121,40],"7":[40,0],"8":[8,0,0,0,0,0],"9":[0,5,0],"10":[5,1],"11":[4,1],"12":[0,10,14,19,18,3,16,2,66],"13":[0,0],"14":[4,2,2,2,0,0],"15":[10,3],"16":[14,0],"17":[4,10],"18":[5,5],"19":[18,3],"20":[6,10,2],"21":[6,6],"22":[10,10],"23":[2,2],"24":[18,0],"25":[3,3],"26":[3,0,0,0,0,0],"27":[1,15],"28":[2,0],"29":[2,0],"30":[2,2,0,0,0,0],"31":[1,1],"32":[2,2,2,3,2,2,1,0,1,14,4,9,13,5,6],"33":[2,2],"34":[0,2],"35":[1,1],"36":[3,0],"37":[0,0],"38":[3,1],"39":[9,0]},"_coverageSchema":"43e27e138ebf9cfc5966b082cf9a028302ed4184","hash":"2b8b11bc04145a41300a479a23abc66aea604588"}
,"C:\\Projects\\moonlands\\src\\zone.js": {"path":"C:\\Projects\\moonlands\\src\\zone.js","statementMap":{"0":{"start":{"line":1,"column":30},"end":{"line":1,"column":49}},"1":{"start":{"line":2,"column":28},"end":{"line":2,"column":45}},"2":{"start":{"line":3,"column":32},"end":{"line":3,"column":53}},"3":{"start":{"line":4,"column":23},"end":{"line":4,"column":35}},"4":{"start":{"line":5,"column":26},"end":{"line":5,"column":41}},"5":{"start":{"line":6,"column":26},"end":{"line":6,"column":41}},"6":{"start":{"line":7,"column":23},"end":{"line":7,"column":35}},"7":{"start":{"line":11,"column":8},"end":{"line":11,"column":26}},"8":{"start":{"line":12,"column":8},"end":{"line":12,"column":30}},"9":{"start":{"line":13,"column":8},"end":{"line":13,"column":26}},"10":{"start":{"line":14,"column":8},"end":{"line":14,"column":31}},"11":{"start":{"line":16,"column":8},"end":{"line":16,"column":24}},"12":{"start":{"line":22,"column":8},"end":{"line":22,"column":61}},"13":{"start":{"line":26,"column":8},"end":{"line":26,"column":26}},"14":{"start":{"line":30,"column":8},"end":{"line":30,"column":28}},"15":{"start":{"line":34,"column":8},"end":{"line":34,"column":26}},"16":{"start":{"line":38,"column":8},"end":{"line":38,"column":33}},"17":{"start":{"line":42,"column":8},"end":{"line":42,"column":47}},"18":{"start":{"line":44,"column":8},"end":{"line":44,"column":20}},"19":{"start":{"line":48,"column":8},"end":{"line":48,"column":55}},"20":{"start":{"line":48,"column":39},"end":{"line":48,"column":53}},"21":{"start":{"line":52,"column":8},"end":{"line":52,"column":55}},"22":{"start":{"line":52,"column":39},"end":{"line":52,"column":53}},"23":{"start":{"line":56,"column":8},"end":{"line":56,"column":62}},"24":{"start":{"line":56,"column":47},"end":{"line":56,"column":60}},"25":{"start":{"line":60,"column":0},"end":{"line":69,"column":2}}},"fnMap":{"0":{"name":"(anonymous_0)","decl":{"start":{"line":10,"column":4},"end":{"line":10,"column":5}},"loc":{"start":{"line":10,"column":60},"end":{"line":17,"column":5}},"line":10},"1":{"name":"(anonymous_1)","decl":{"start":{"line":21,"column":4},"end":{"line":21,"column":5}},"loc":{"start":{"line":21,"column":15},"end":{"line":23,"column":5}},"line":21},"2":{"name":"(anonymous_2)","decl":{"start":{"line":25,"column":4},"end":{"line":25,"column":5}},"loc":{"start":{"line":25,"column":15},"end":{"line":27,"column":5}},"line":25},"3":{"name":"(anonymous_3)","decl":{"start":{"line":29,"column":4},"end":{"line":29,"column":5}},"loc":{"start":{"line":29,"column":17},"end":{"line":31,"column":5}},"line":29},"4":{"name":"(anonymous_4)","decl":{"start":{"line":33,"column":4},"end":{"line":33,"column":5}},"loc":{"start":{"line":33,"column":15},"end":{"line":35,"column":5}},"line":33},"5":{"name":"(anonymous_5)","decl":{"start":{"line":37,"column":4},"end":{"line":37,"column":5}},"loc":{"start":{"line":37,"column":17},"end":{"line":39,"column":5}},"line":37},"6":{"name":"(anonymous_6)","decl":{"start":{"line":41,"column":4},"end":{"line":41,"column":5}},"loc":{"start":{"line":41,"column":15},"end":{"line":45,"column":5}},"line":41},"7":{"name":"(anonymous_7)","decl":{"start":{"line":47,"column":4},"end":{"line":47,"column":5}},"loc":{"start":{"line":47,"column":13},"end":{"line":49,"column":5}},"line":47},"8":{"name":"(anonymous_8)","decl":{"start":{"line":48,"column":31},"end":{"line":48,"column":32}},"loc":{"start":{"line":48,"column":39},"end":{"line":48,"column":53}},"line":48},"9":{"name":"(anonymous_9)","decl":{"start":{"line":51,"column":4},"end":{"line":51,"column":5}},"loc":{"start":{"line":51,"column":19},"end":{"line":53,"column":5}},"line":51},"10":{"name":"(anonymous_10)","decl":{"start":{"line":52,"column":31},"end":{"line":52,"column":32}},"loc":{"start":{"line":52,"column":39},"end":{"line":52,"column":53}},"line":52},"11":{"name":"(anonymous_11)","decl":{"start":{"line":55,"column":4},"end":{"line":55,"column":5}},"loc":{"start":{"line":55,"column":19},"end":{"line":57,"column":5}},"line":55},"12":{"name":"(anonymous_12)","decl":{"start":{"line":56,"column":39},"end":{"line":56,"column":40}},"loc":{"start":{"line":56,"column":47},"end":{"line":56,"column":60}},"line":56}},"branchMap":{"0":{"loc":{"start":{"line":10,"column":28},"end":{"line":10,"column":41}},"type":"default-arg","locations":[{"start":{"line":10,"column":37},"end":{"line":10,"column":41}}],"line":10},"1":{"loc":{"start":{"line":10,"column":43},"end":{"line":10,"column":58}},"type":"default-arg","locations":[{"start":{"line":10,"column":53},"end":{"line":10,"column":58}}],"line":10},"2":{"loc":{"start":{"line":22,"column":15},"end":{"line":22,"column":60}},"type":"cond-expr","locations":[{"start":{"line":22,"column":40},"end":{"line":22,"column":53}},{"start":{"line":22,"column":56},"end":{"line":22,"column":60}}],"line":22}},"s":{"0":2,"1":2,"2":2,"3":2,"4":2,"5":2,"6":2,"7":126,"8":126,"9":126,"10":126,"11":126,"12":22,"13":0,"14":102,"15":397,"16":34,"17":53,"18":53,"19":10,"20":11,"21":2,"22":2,"23":6,"24":10,"25":2},"f":{"0":126,"1":22,"2":0,"3":102,"4":397,"5":34,"6":53,"7":10,"8":11,"9":2,"10":2,"11":6,"12":10},"b":{"0":[5],"1":[126],"2":[22,0]},"_coverageSchema":"43e27e138ebf9cfc5966b082cf9a028302ed4184","hash":"656d3924c233dc0e93e85aeaeb1b50748747e775"}
}
