TN:
SF:C:\Projects\moonlands\src\cards.js
FN:66,(anonymous_0)
FN:74,(anonymous_1)
FN:78,(anonymous_2)
FN:84,(anonymous_3)
FN:95,(anonymous_4)
FN:99,(anonymous_5)
FN:104,(anonymous_6)
FN:108,(anonymous_7)
FN:112,(anonymous_8)
FN:116,(anonymous_9)
FN:121,(anonymous_10)
FN:127,(anonymous_11)
FN:137,(anonymous_12)
FN:455,(anonymous_13)
FN:455,(anonymous_14)
FNF:15
FNH:12
FNDA:40,(anonymous_0)
FNDA:0,(anonymous_1)
FNDA:0,(anonymous_2)
FNDA:64,(anonymous_3)
FNDA:53,(anonymous_4)
FNDA:54,(anonymous_5)
FNDA:18,(anonymous_6)
FNDA:14,(anonymous_7)
FNDA:14,(anonymous_8)
FNDA:0,(anonymous_9)
FNDA:6,(anonymous_10)
FNDA:46,(anonymous_11)
FNDA:4,(anonymous_12)
FNDA:56,(anonymous_13)
FNDA:369,(anonymous_14)
DA:1,2
DA:63,2
DA:67,40
DA:68,40
DA:69,40
DA:70,40
DA:71,40
DA:75,0
DA:79,0
DA:85,64
DA:86,64
DA:87,64
DA:91,64
DA:92,64
DA:96,53
DA:100,54
DA:101,54
DA:105,18
DA:109,14
DA:113,14
DA:117,0
DA:121,6
DA:127,46
DA:132,2
DA:137,4
DA:455,369
DA:457,2
LF:27
LH:24
BRDA:66,0,0,6
BRDA:99,1,0,0
BRDA:104,2,0,0
BRF:3
BRH:1
end_of_record
TN:
SF:C:\Projects\moonlands\src\const.js
FNF:0
FNH:0
DA:1,2
DA:2,2
DA:3,2
DA:4,2
DA:5,2
DA:6,2
DA:7,2
DA:8,2
DA:9,2
DA:11,2
DA:12,2
DA:13,2
DA:14,2
DA:16,2
DA:17,2
DA:18,2
DA:19,2
DA:20,2
DA:21,2
DA:23,2
DA:24,2
DA:25,2
DA:26,2
DA:27,2
DA:28,2
DA:30,2
DA:31,2
DA:32,2
DA:33,2
DA:34,2
DA:35,2
DA:36,2
DA:37,2
DA:38,2
DA:39,2
DA:40,2
DA:42,2
DA:43,2
DA:44,2
DA:45,2
DA:46,2
DA:47,2
DA:48,2
DA:49,2
DA:50,2
DA:51,2
DA:52,2
DA:53,2
DA:54,2
DA:55,2
DA:56,2
DA:58,2
DA:59,2
DA:60,2
DA:61,2
DA:62,2
DA:63,2
DA:64,2
DA:65,2
DA:66,2
DA:68,2
DA:70,2
DA:71,2
DA:72,2
DA:73,2
DA:75,2
DA:77,2
LF:67
LH:67
BRF:0
BRH:0
end_of_record
TN:
SF:C:\Projects\moonlands\src\index.js
FN:111,(anonymous_0)
FN:114,(anonymous_1)
FN:123,(anonymous_2)
FN:131,(anonymous_3)
FN:132,(anonymous_4)
FN:135,(anonymous_5)
FN:139,(anonymous_6)
FN:143,(anonymous_7)
FN:147,(anonymous_8)
FN:151,(anonymous_9)
FN:155,(anonymous_10)
FN:159,(anonymous_11)
FN:163,(anonymous_12)
FN:167,(anonymous_13)
FN:180,(anonymous_14)
FN:189,(anonymous_15)
FN:192,(anonymous_16)
FN:195,(anonymous_17)
FN:198,(anonymous_18)
FN:203,(anonymous_19)
FN:214,(anonymous_20)
FN:217,(anonymous_21)
FN:219,(anonymous_22)
FN:219,(anonymous_23)
FN:227,(anonymous_24)
FN:237,(anonymous_25)
FN:291,(anonymous_26)
FN:417,(anonymous_27)
FN:547,(anonymous_28)
FN:573,(anonymous_29)
FN:579,(anonymous_30)
FN:618,(anonymous_31)
FN:623,(anonymous_32)
FNF:33
FNH:27
FNDA:26,(anonymous_0)
FNDA:3,(anonymous_1)
FNDA:41,(anonymous_2)
FNDA:100,(anonymous_3)
FNDA:397,(anonymous_4)
FNDA:10,(anonymous_5)
FNDA:1,(anonymous_6)
FNDA:8,(anonymous_7)
FNDA:107,(anonymous_8)
FNDA:148,(anonymous_9)
FNDA:214,(anonymous_10)
FNDA:17,(anonymous_11)
FNDA:54,(anonymous_12)
FNDA:121,(anonymous_13)
FNDA:8,(anonymous_14)
FNDA:0,(anonymous_15)
FNDA:0,(anonymous_16)
FNDA:0,(anonymous_17)
FNDA:0,(anonymous_18)
FNDA:5,(anonymous_19)
FNDA:5,(anonymous_20)
FNDA:6,(anonymous_21)
FNDA:5,(anonymous_22)
FNDA:5,(anonymous_23)
FNDA:5,(anonymous_24)
FNDA:66,(anonymous_25)
FNDA:35,(anonymous_26)
FNDA:0,(anonymous_27)
FNDA:0,(anonymous_28)
FNDA:1,(anonymous_29)
FNDA:14,(anonymous_30)
FNDA:5,(anonymous_31)
FNDA:6,(anonymous_32)
DA:57,2
DA:64,2
DA:66,2
DA:68,2
DA:69,2
DA:70,2
DA:71,2
DA:73,2
DA:100,2
DA:111,2
DA:112,26
DA:113,3
DA:114,3
DA:117,23
DA:124,41
DA:132,397
DA:136,10
DA:140,1
DA:144,8
DA:148,107
DA:152,148
DA:156,214
DA:160,17
DA:164,54
DA:168,121
DA:172,40
DA:173,40
DA:174,40
DA:176,81
DA:181,8
DA:183,8
DA:184,0
DA:186,0
DA:187,0
DA:189,0
DA:190,0
DA:192,0
DA:193,0
DA:195,0
DA:196,0
DA:198,0
DA:199,0
DA:204,5
DA:206,0
DA:208,5
DA:210,0
DA:216,5
DA:217,6
DA:219,5
DA:223,5
DA:225,5
DA:227,5
DA:228,5
DA:229,5
DA:230,4
DA:234,5
DA:238,66
DA:239,66
DA:240,148
DA:242,148
DA:244,0
DA:245,0
DA:247,0
DA:249,0
DA:250,0
DA:254,0
DA:256,10
DA:257,10
DA:258,10
DA:260,10
DA:262,4
DA:263,4
DA:265,2
DA:266,2
DA:268,2
DA:269,2
DA:271,2
DA:272,2
DA:274,0
DA:275,0
DA:277,0
DA:278,0
DA:281,10
DA:285,10
DA:287,14
DA:288,14
DA:289,14
DA:291,35
DA:293,14
DA:298,14
DA:300,14
DA:301,4
DA:322,10
DA:323,5
DA:331,14
DA:332,14
DA:334,14
DA:336,19
DA:337,19
DA:344,19
DA:346,18
DA:347,18
DA:349,6
DA:350,6
DA:352,10
DA:353,10
DA:355,2
DA:356,2
DA:358,18
DA:359,18
DA:370,18
DA:372,3
DA:374,3
DA:376,3
DA:378,3
DA:382,3
DA:384,0
DA:386,0
DA:390,0
DA:392,0
DA:394,0
DA:398,0
DA:400,0
DA:402,0
DA:406,0
DA:408,0
DA:410,0
DA:414,0
DA:417,0
DA:419,0
DA:423,0
DA:426,3
DA:428,16
DA:429,16
DA:430,16
DA:435,16
DA:437,2
DA:438,2
DA:439,2
DA:440,2
DA:442,2
DA:444,2
DA:445,2
DA:446,2
DA:452,2
DA:453,2
DA:454,2
DA:487,0
DA:490,0
DA:492,2
DA:494,66
DA:496,2
DA:497,2
DA:498,0
DA:500,2
DA:501,2
DA:503,2
DA:504,2
DA:505,2
DA:511,2
DA:513,2
DA:514,2
DA:516,3
DA:517,3
DA:518,3
DA:519,3
DA:521,3
DA:522,3
DA:523,3
DA:525,2
DA:527,2
DA:528,2
DA:535,2
DA:537,1
DA:538,1
DA:539,1
DA:541,1
DA:542,1
DA:543,1
DA:545,0
DA:547,0
DA:548,0
DA:550,0
DA:557,0
DA:559,0
DA:566,0
DA:569,0
DA:571,1
DA:573,1
DA:575,1
DA:577,14
DA:579,14
DA:581,14
DA:583,4
DA:584,4
DA:585,4
DA:586,3
DA:595,4
DA:597,9
DA:598,9
DA:600,9
DA:601,9
DA:610,9
DA:612,13
DA:613,13
DA:614,13
DA:616,5
DA:618,5
DA:619,5
DA:621,6
DA:622,6
DA:623,6
DA:624,6
DA:625,6
DA:626,6
DA:628,6
DA:630,66
DA:636,2
LF:218
LH:169
BRDA:112,0,0,3
BRDA:112,0,1,23
BRDA:113,1,0,3
BRDA:113,1,1,0
BRDA:131,2,0,56
BRDA:132,3,0,397
BRDA:132,3,1,102
BRDA:132,3,2,4
BRDA:164,4,0,51
BRDA:164,4,1,3
BRDA:168,5,0,40
BRDA:168,5,1,81
BRDA:169,6,0,121
BRDA:169,6,1,40
BRDA:174,7,0,40
BRDA:174,7,1,0
BRDA:181,8,0,8
BRDA:181,8,1,0
BRDA:181,8,2,0
BRDA:181,8,3,0
BRDA:181,8,4,0
BRDA:181,8,5,0
BRDA:204,9,0,0
BRDA:204,9,1,5
BRDA:204,9,2,0
BRDA:217,10,0,5
BRDA:217,10,1,1
BRDA:229,11,0,4
BRDA:229,11,1,1
BRDA:242,12,0,0
BRDA:242,12,1,10
BRDA:242,12,2,14
BRDA:242,12,3,19
BRDA:242,12,4,18
BRDA:242,12,5,3
BRDA:242,12,6,16
BRDA:242,12,7,2
BRDA:242,12,8,66
BRDA:252,13,0,0
BRDA:252,13,1,0
BRDA:260,14,0,4
BRDA:260,14,1,2
BRDA:260,14,2,2
BRDA:260,14,3,2
BRDA:260,14,4,0
BRDA:260,14,5,0
BRDA:283,15,0,10
BRDA:283,15,1,3
BRDA:287,16,0,14
BRDA:287,16,1,0
BRDA:300,17,0,4
BRDA:300,17,1,10
BRDA:322,18,0,5
BRDA:322,18,1,5
BRDA:346,19,0,18
BRDA:346,19,1,3
BRDA:347,20,0,6
BRDA:347,20,1,10
BRDA:347,20,2,2
BRDA:349,21,0,6
BRDA:349,21,1,6
BRDA:352,22,0,10
BRDA:352,22,1,10
BRDA:355,23,0,2
BRDA:355,23,1,2
BRDA:358,24,0,18
BRDA:358,24,1,0
BRDA:372,25,0,3
BRDA:372,25,1,3
BRDA:374,26,0,3
BRDA:374,26,1,0
BRDA:374,26,2,0
BRDA:374,26,3,0
BRDA:374,26,4,0
BRDA:374,26,5,0
BRDA:429,27,0,1
BRDA:429,27,1,15
BRDA:440,28,0,2
BRDA:440,28,1,0
BRDA:446,29,0,2
BRDA:446,29,1,0
BRDA:447,30,0,2
BRDA:447,30,1,2
BRDA:447,30,2,0
BRDA:447,30,3,0
BRDA:447,30,4,0
BRDA:447,30,5,0
BRDA:453,31,0,1
BRDA:453,31,1,1
BRDA:494,32,0,2
BRDA:494,32,1,2
BRDA:494,32,2,2
BRDA:494,32,3,3
BRDA:494,32,4,2
BRDA:494,32,5,2
BRDA:494,32,6,1
BRDA:494,32,7,0
BRDA:494,32,8,1
BRDA:494,32,9,14
BRDA:494,32,10,4
BRDA:494,32,11,9
BRDA:494,32,12,13
BRDA:494,32,13,5
BRDA:494,32,14,6
BRDA:496,33,0,2
BRDA:496,33,1,2
BRDA:497,34,0,0
BRDA:497,34,1,2
BRDA:507,35,0,1
BRDA:507,35,1,1
BRDA:518,36,0,3
BRDA:518,36,1,0
BRDA:548,37,0,0
BRDA:548,37,1,0
BRDA:585,38,0,3
BRDA:585,38,1,1
BRDA:600,39,0,9
BRDA:600,39,1,0
BRF:118
BRH:85
end_of_record
TN:
SF:C:\Projects\moonlands\src\zone.js
FN:10,(anonymous_0)
FN:21,(anonymous_1)
FN:25,(anonymous_2)
FN:29,(anonymous_3)
FN:33,(anonymous_4)
FN:37,(anonymous_5)
FN:41,(anonymous_6)
FN:47,(anonymous_7)
FN:48,(anonymous_8)
FN:51,(anonymous_9)
FN:52,(anonymous_10)
FN:55,(anonymous_11)
FN:56,(anonymous_12)
FNF:13
FNH:12
FNDA:126,(anonymous_0)
FNDA:22,(anonymous_1)
FNDA:0,(anonymous_2)
FNDA:102,(anonymous_3)
FNDA:397,(anonymous_4)
FNDA:34,(anonymous_5)
FNDA:53,(anonymous_6)
FNDA:10,(anonymous_7)
FNDA:11,(anonymous_8)
FNDA:2,(anonymous_9)
FNDA:2,(anonymous_10)
FNDA:6,(anonymous_11)
FNDA:10,(anonymous_12)
DA:1,2
DA:2,2
DA:3,2
DA:4,2
DA:5,2
DA:6,2
DA:7,2
DA:11,126
DA:12,126
DA:13,126
DA:14,126
DA:16,126
DA:22,22
DA:26,0
DA:30,102
DA:34,397
DA:38,34
DA:42,53
DA:44,53
DA:48,11
DA:52,2
DA:56,10
DA:60,2
LF:23
LH:22
BRDA:10,0,0,5
BRDA:10,1,0,126
BRDA:22,2,0,22
BRDA:22,2,1,0
BRF:4
BRH:3
end_of_record
